00000168 r __abi_tag
         U abort@GLIBC_2.4
000005b4 r all_implied_fbits
00000654 r all_implied_fbits
0000200c B __bss_end__
0000200c B _bss_end__
00002008 B __bss_start
00002008 B __bss_start__
0000045c t call_weak_fn
         U Clibc
00002008 b completed.0
         w __cxa_finalize@GLIBC_2.4
00002000 D __data_start
00002000 W data_start
00000480 t deregister_tm_clones
00000514 t __do_global_dtors_aux
00001ec8 d __do_global_dtors_aux_fini_array_entry
00002004 D __dso_handle
00001ecc a _DYNAMIC
00002008 D _edata
0000200c B __end__
0000200c B _end
000005a8 T _fini
0000057c t frame_dummy
00001ec4 d __frame_dummy_init_array_entry
000006ec r __FRAME_END__
00001fcc a _GLOBAL_OFFSET_TABLE_
         w __gmon_start__
000003bc T _init
000005b0 R _IO_stdin_used
         w _ITM_deregisterTMCloneTable
         w _ITM_registerTMCloneTable
         U __libc_start_main@GLIBC_2.34
00000580 T main
         U puts@GLIBC_2.4
000004c4 t register_tm_clones
00000418 T _start
00002008 D __TMC_END__
