00010114 r __abi_tag
00010140 T abort
0007b22c B __abort_msg
00024b54 t add_alias2.part.0
000247b4 t add_module
00043094 t add_name_to_object.isra.0
00042ad4 t add_path.constprop.0.isra.0
0003231c T __add_to_environ
000561b0 t add_to_global_resize
00056190 t add_to_global_resize_failure.isra.0
00055ef0 t add_to_global_update
0003a148 t adjust_wide_data
0005d6ec T __aeabi_cdcmpeq
0005d6ec T __aeabi_cdcmple
0005d6d0 T __aeabi_cdrcmple
0005d700 T __aeabi_dcmpeq
0005d73c T __aeabi_dcmpge
0005d750 T __aeabi_dcmpgt
0005d728 T __aeabi_dcmple
0005d714 T __aeabi_dcmplt
0005d764 T __aeabi_dcmpun
0005d3f8 T __aeabi_idiv
0005d79c W __aeabi_idiv0
0005d618 T __aeabi_idivmod
0005d79c W __aeabi_ldiv0
00010cc0 T __aeabi_read_tp
0005d1ec T __aeabi_uidiv
0005d3d8 T __aeabi_uidivmod
0005f30c T __aeabi_unwind_cpp_pr0
0005f314 W __aeabi_unwind_cpp_pr1
0005f31c W __aeabi_unwind_cpp_pr2
0002fc2c t alias_compare
0001d1ac W aligned_alloc
0007d498 b aligned_heap_area
00060334 r all_implied_fbits
0007681c r all_implied_fbits
000400a0 T __alloc_dir
000184b0 t alloc_new_heap
00017854 t alloc_perturb
0007d494 b __always_fail_morecore
00063f54 r archfname
0007d6d8 b archive_stat
0007d6c0 b archloaded
0007d6c4 b archmapped
00018748 t arena_get2
00018f6c t arena_get_retry
0003eb78 T __argz_add_sep
0003eb78 W argz_add_sep
0003ec50 T __argz_create_sep
0003ec50 W argz_create_sep
00033f28 T ___asprintf
00033f28 T __asprintf
00033f28 W asprintf
0005b534 T __atomic_wide_counter_fetch_add_relaxed
0005b58c T __atomic_wide_counter_load_relaxed
0005febc t base_of_encoded_value
0003ee64 W bcmp
00020018 T __brk
00020018 W brk
0007d7e0 B __bss_end__
0007d7e0 B _bss_end__
0007add0 B __bss_start
0007add0 B __bss_start__
00066634 r builtin_aliases
0007abb8 d builtin_modules
0007d680 b cache
0007d5b0 b cache_malloced
0007d688 b cache_new
000438e8 t cache_rpath
0007d5ac b cache_size
0007d684 b cachesize
00056074 t call_dl_init
0005cd5c t call_dl_lookup
00010530 t call_fini
0005c4a8 t call_init
0001d2fc T __calloc
0001d2fc W calloc
00010408 t call_weak_fn
00045db4 t check_match
0005c760 t check_match
000108c4 t check_one_fd
00041b50 T __chk_fail
0003280c T __clearenv
0003280c W clearenv
0003d8d0 t clear_once_control
         U Clibc
0001f5fc T __clock_gettime
0001f5fc W clock_gettime
0001f4c8 T __clock_gettime64
00040140 T __closedir
00040140 W closedir
0001fc6c T __close_nocancel
0005d648 T __cmpdf2
00067bac r codeset_idx.2
000685d8 r collseqmb
000681bc r collseqwc
0007add0 b completed.1
0007aba8 d __compound_literal.0
0007aba4 d __compound_literal.1
0007d56c b __compound_literal.2
0007ab48 d __compound_literal.3
000763a0 r conversion_rate
000336bc T __correctly_grouped_prefixmb
0001fee4 T __cp_stat64_t64_stat64
0002dc2c T __ctype_b_loc
0002dc88 T __ctype_init
0002dc68 T __ctype_tolower_loc
0002dc48 T __ctype_toupper_loc
0005d7ac T __ctzdi2
0007d4b4 B __curbrk
00058f18 T __current_locale_name
00010f78 T __cxa_atexit
0007a000 D __data_start
0007a000 W data_start
0004cae8 T __dcgettext
0004cae8 W dcgettext
0004d710 T __dcigettext
0007b45c b dealloc_buffers
00011c30 t decide_maybe_mmap
00043724 t decompose_rpath
0007d640 B __default_pthread_attr
0007d63c B __default_pthread_attr_lock
00031a00 T __default_rt_sa_restorer
00067acc r default_rwlockattr
000319f0 T __default_sa_restorer
0001042c t deregister_tm_clones
0002323c t derivation_compare
000179a4 t detach_arena.part.0
00057310 t dfs_traversal.part.0
0005d3f8 T __divsi3
0005d400 t .divsi3_skip_div0_test
0005aa70 T __dladdr
0005c9bc T _dl_addr
0005aa70 W dladdr
0005aa7c T __dladdr1
0005aa7c W dladdr1
00058364 T _dl_addr_inside_object
0004783c T _dl_add_to_namespace_list
000216ac T _dl_add_to_slotinfo
0007d524 B _dl_all_dirs
00048624 T _dl_allocate_static_tls
00021510 T _dl_allocate_tls
000214f8 T _dl_allocate_tls_init
00020e44 t _dl_allocate_tls_init.part.0
0002142c T _dl_allocate_tls_storage
00079ba0 D _dl_argv
000664cc R _dl_arm_cap_flags
00021210 T _dl_assign_tls_modid
00022fb0 T _dl_audit_pltexit
00022408 T _dl_aux_init
0007d4d8 B _dl_auxv
0007d52c B _dl_bind_not
0004a124 T _dl_cache_libcmp
0005b688 T _dl_call_fini
0005b5d8 T _dl_call_libc_early_init
00041fc8 T _dl_catch_error
00041f00 T _dl_catch_exception
000582e4 T _dl_check_all_versions
00057930 T _dl_check_map_versions
0007d500 B _dl_clktck
0005aaa4 T __dlclose
00054c9c T _dl_close
0005aaa4 W dlclose
0007d7c8 b dl_close_state.2
00053e28 T _dl_close_worker
00021358 T _dl_count_modids
00021580 T _dl_deallocate_tls
0007a8c0 D _dl_debug_fd
00020d80 T _dl_debug_initialize
0007d514 B _dl_debug_mask
00048258 T _dl_debug_printf
00048298 T _dl_debug_printf_c
00020cf4 T _dl_debug_state
00020cf8 T _dl_debug_update
00047d10 t _dl_debug_vdprintf
000482d8 T _dl_dprintf
0007d560 B _dl_dso_sort_algo
00043170 T _dl_dst_count
0004321c T _dl_dst_substitute
0007d530 B _dl_dynamic_weak
00022378 T _dl_early_allocate
0005aacc T __dlerror
0005aacc W dlerror
0004202c T _dl_error_free
0004833c T _dl_error_printf
0005acec T _dlerror_run
0004a83c t dlerror_run
00042044 T _dl_exception_create
000420d8 T _dl_exception_create_format
0004244c T _dl_exception_free
00048370 T _dl_fatal_printf
00079dac d _dlfcn_hook
00056314 T _dl_find_dso_for_object
00055290 T _dl_find_object
00055d9c T _dl_find_object_dlclose
00055e78 T _dl_find_object_freeres
00054f40 t _dl_find_object_from_map
000556a4 T _dl_find_object_init
00055858 T _dl_find_object_update
000570c4 T _dl_fixup
0007d7d0 b _dlfo_loaded_mappings
0007d7d8 b _dlfo_loaded_mappings_version
00079d94 d _dlfo_main
00079d8c d _dlfo_nodelete_mappings
00079da8 d _dlfo_nodelete_mappings_end
00079d90 d _dlfo_nodelete_mappings_size
00054fb8 t _dlfo_process_initial
00055698 T _dlfo_sort_mappings
000551b4 t _dlfo_sort_mappings.part.0
0007d504 B _dl_fpu_control
00022fa0 T _dl_get_dl_main_map
00047b80 T _dl_get_origin
000213f4 T _dl_get_tls_static_info
0004763c T _dl_higher_prime_number
0007d4e0 B _dl_hwcap
0007d4e8 B _dl_hwcap2
0007d4f0 B _dl_hwcap3
0007d4f8 B _dl_hwcap4
0007d540 B _dl_in_flight_stack
0005afe0 T __dlinfo
0005afe0 W dlinfo
0005aed0 t dlinfo_doit
0007d568 B _dl_inhibit_cache
0007d578 B _dl_inhibit_rpath
0005c624 T _dl_init
0007d520 B _dl_init_all_dirs
0007d564 B _dl_initfirst
0007ab40 D _dl_initial_searchlist
00043964 T _dl_init_paths
000217c8 T _dl_init_static_tls
0007d528 B _dl_lazy
0004acf4 T __dl_libc_freemem
0007a8c8 D _dl_load_adds
0004a43c T _dl_load_cache_lookup
0007a8a8 D _dl_load_lock
0007a878 D _dl_load_tls_lock
0007a890 D _dl_load_write_lock
0005c848 T _dl_lookup_direct
000469c4 T _dl_lookup_symbol_x
0007a8d0 d _dl_main_map
00054d14 T _dl_make_stacks_executable
0004511c T _dl_map_object
0005b780 T _dl_map_object_deps
00043da4 t _dl_map_object_from_fd.constprop.0
0007a86c D _dl_minsigstacksize
0005b124 T ___dlmopen
0005b0dc T __dlmopen
0005b124 W dlmopen
0005b024 t dlmopen_doit
000475dc T _dl_name_match_p
00047900 T _dl_new_object
0007a870 D _dl_nns
000225a0 T _dl_non_dynamic_init
0007ab4c D _dl_ns
0005b284 T ___dlopen
0005b240 T __dlopen
000563e8 T _dl_open
0005b284 W dlopen
0005b16c t dlopen_doit
0005607c t dl_open_worker
00056758 t dl_open_worker_begin
0007d570 B _dl_origin_path
00062f44 r _dl_out_of_memory
0007a868 D _dl_pagesize
0007d50c B _dl_phdr
0007d510 B _dl_phnum
0007d4dc B _dl_platform
0007d534 B _dl_platformlen
00048308 T _dl_printf
00043c88 T _dl_process_pt_gnu_property
0007d574 B _dl_profile_map
000486fc T _dl_protect_relro
00079b90 D _dl_random
000487f8 T _dl_relocate_object
00048788 T _dl_reloc_bad_type
00045bf4 T _dl_rtld_di_serinfo
0004a100 T _dl_runtime_resolve
00049d1c T _dl_scope_free
0007d538 B _dl_scope_free_list
00049df4 T _dl_setup_hash
000565c0 T _dl_show_scope
00041ea8 T _dl_signal_error
00041e64 T _dl_signal_exception
00057430 T _dl_sort_maps
000573e8 T _dl_sort_maps_init
0007d548 B _dl_stack_cache
0007d544 B _dl_stack_cache_actsize
0007d53c B _dl_stack_cache_lock
0007a874 D _dl_stack_flags
0007d558 B _dl_stack_used
0007d550 B _dl_stack_user
000103ac T _dl_start
0007adf0 B _dl_static_dtv
00047684 T _dl_strtoul
0005b33c T ___dlsym
0005b2dc T __dlsym
0005d0f8 T _dl_sym
0005b33c W dlsym
0005b2c4 t dlsym_doit
00047554 T _dl_sysdep_read_whole_file
0007d508 B _dl_sysinfo_dso
0007d518 B _dl_sysinfo_map
0004a7ac T _dl_tlsdesc_return
0004a7b4 T _dl_tlsdesc_undefweak
0007b218 B _dl_tls_dtv_gaps
0007b1fc B _dl_tls_dtv_slotinfo_list
0007b210 B _dl_tls_generation
000215fc T _dl_tls_get_addr_soft
0007b1f8 B _dl_tls_max_dtv_idx
0007b208 B _dl_tls_static_align
0007b20c B _dl_tls_static_nelem
0007b214 B _dl_tls_static_optional
0007b200 B _dl_tls_static_size
0007adec B _dl_tls_static_surplus
00021164 T _dl_tls_static_surplus_init
0007b204 B _dl_tls_static_used
00048518 T _dl_try_allocate_static_tls
00017608 t _dl_tunable_set_arena_max
00017620 t _dl_tunable_set_arena_test
0001794c t _dl_tunable_set_hugetlb
00017590 t _dl_tunable_set_mmaps_max
00017570 t _dl_tunable_set_mmap_threshold
0003c374 t _dl_tunable_set_mutex_spin_count
000176b8 t _dl_tunable_set_mxfast
000175d0 t _dl_tunable_set_perturb_byte
0003c38c t _dl_tunable_set_stack_cache_size
0003c3a4 t _dl_tunable_set_stack_hugetlb
00017684 t _dl_tunable_set_tcache_count
00017638 t _dl_tunable_set_tcache_max
000176a0 t _dl_tunable_set_tcache_unsorted_limit
000175b0 t _dl_tunable_set_top_pad
000175e8 t _dl_tunable_set_trim_threshold
0004a778 T _dl_unload_cache
00058350 T _dl_unmap
00079b94 D _dl_vdso_clock_gettime
00079b98 D _dl_vdso_clock_gettime64
00079b9c D _dl_vdso_gettimeofday
0007d51c B _dl_verbose
0005b41c T ___dlvsym
0005b3b4 T __dlvsym
0005d040 T _dl_vsym
0005b41c W dlvsym
0005b39c t dlvsym_doit
0004a9a8 t do_dlclose
0004a7d0 t do_dlopen
0004a91c t do_dlsym
0004a8ac t do_dlsym_private
0004a964 t do_dlvsym
00010490 t __do_global_dtors_aux
00077bc4 d __do_global_dtors_aux_fini_array_entry
00045f64 t do_lookup_x
0002cb84 t do_release_all
0002cae8 t do_release_shlib
00031ab0 t do_swap
0005cda4 t do_sym
00021a84 t do_tunable_update_val
0007a004 D __dso_handle
0006032c r dummy_bucket.7
0007add0 D _edata
00010000 r __ehdr_start
00076f5c r __EH_FRAME_BEGIN__
0006662c r empty_path_elem
0007d7e0 B __end__
0007d7e0 B _end
000169a0 t enlarge_userbuf
0007d4b0 B __environ
0007d4b0 V _environ
0007d4b0 V environ
0007d62c b envlock
0005d648 T __eqdf2
0000000c B errno
00063d24 r errstring.1
00076f5c r __exidx_end
00076a34 r __exidx_start
0001f660 T _exit
000113b0 T exit
0001f660 W _Exit
0007a008 D __exit_funcs
0007b444 B __exit_funcs_done
0007b238 B __exit_funcs_lock
000433c4 t expand_dynamic_string_token
000636b8 r expected2.3
000636ac r expected3.2
00067ae4 r expected.4
00041d74 t fatal_error
0003847c W fclose
0001fca4 T __fcntl64_nocancel
0001fd74 T __fcntl64_nocancel_adjusted
00053344 T __fdopendir
00053344 W fdopendir
0003c008 T __fgets_unlocked
0003c008 W fgets_unlocked
000434b8 t fillin_rpath.isra.0
00023328 t find_derivation
0002c2b8 t find_module.constprop.0
0002c1e0 t find_module_idx
00060320 T _fini
00077bc8 d __fini_array_end
00077bc4 d __fini_array_start
00033ec8 T _fitoa
00033e70 T _fitoa_word
0007d67c b fix_offset.3
0007d678 b fix_page.4
00013e70 t flush_cleanup
00015c3c W _flushlbf
00038958 W fopen
00038868 T __fopen_internal
00038800 T __fopen_maybe_mmap
0007d638 B __fork_generation
00041b64 T __fortify_fail
000763a8 R _fpioconst_pow10
00033f58 T __fprintf
00033f58 T fprintf
00038960 W fputs
000104d4 t frame_dummy
00077bc0 d __frame_dummy_init_array_entry
00076f5c r __FRAME_END__
0001c884 T __free
0001c884 T free
0002cfb4 t free_category
00023130 t free_derivation
0007d49c b free_list
0007d4a0 b free_list_lock
0007d754 b freemem.3
0007d758 b freemem_size.2
000231e0 t free_modules_db
0007b460 b freeres_list
0004a9ac t free_slotinfo
0001f6d4 T __fstat64
0001f6d4 W fstat64
0001f690 T __fstat64_time64
0001f91c T __fstatat64
0001f91c W fstatat64
0001f74c T __fstatat64_time64
0004e090 T __funlockfile
0004e090 W funlockfile
00052100 T __futex_abstimed_wait64
000521b0 T __futex_abstimed_wait_cancelable64
000522d0 T __futex_lock_pi64
00038bc4 W fwrite
00060180 T __gcc_personality_v0
000588b4 T __gconv
00023124 T __gconv_alias_compare
0007d588 B __gconv_alias_db
00025300 T __gconv_btwoc_ascii
0007d5a8 b gconv_cache
0002caac T __gconv_cache_freemem
0004ae54 T __gconv_close
00024158 T __gconv_close_transform
00023d94 T __gconv_compare_alias
0002c5a0 T __gconv_compare_alias_cache
00025220 T __gconv_conf_freemem
00058c34 T __gconv_create_spec
000242c8 T __gconv_db_freemem
00058efc T __gconv_destroy_spec
0002cdb8 T __gconv_dl_freemem
0002cba8 T __gconv_find_shlib
00023e68 T __gconv_find_transform
0002327c T __gconv_get_alias_db
0002524c T __gconv_get_builtin_trans
0002c38c T __gconv_get_cache
0002326c T __gconv_get_modules_db
00024364 t __gconv_get_path
0002c39c T __gconv_load_cache
00025200 T __gconv_load_conf
0007d590 B __gconv_lock
0002c630 T __gconv_lookup_cache
0007d59c B __gconv_max_path_elem_len
000620b4 r gconv_module_ext
0007d584 B __gconv_modules_db
00058558 T __gconv_open
00058ab0 t gconv_parse_code
0007d594 B __gconv_path_elem
0007d598 B __gconv_path_envvar
00024efc t __gconv_read_conf
0002ca90 T __gconv_release_cache
0002cd94 T __gconv_release_shlib
00023290 T __gconv_release_step
00026c44 T __gconv_transform_ascii_internal
000270b8 T __gconv_transform_internal_ascii
00029df0 T __gconv_transform_internal_ucs2
0002b18c T __gconv_transform_internal_ucs2reverse
00025310 T __gconv_transform_internal_ucs4
00025fe8 T __gconv_transform_internal_ucs4le
00027bd8 T __gconv_transform_internal_utf8
00029624 T __gconv_transform_ucs2_internal
0002a9a4 T __gconv_transform_ucs2reverse_internal
000258c8 T __gconv_transform_ucs4_internal
00026518 T __gconv_transform_ucs4le_internal
000288c0 T __gconv_transform_utf8_internal
0002bd88 T __gconv_transliterate
0005d638 T __gedf2
00020578 T __get_avphys_pages
00020578 W get_avphys_pages
0005b50c T __get_child_max
00053c7c T __getclktck
0004042c T __getcwd
0004042c W getcwd
00038e5c T __getdelim
00038e5c W getdelim
00040180 T __getdents64
00040180 W getdents64
00053ca4 T __getdtablesize
00053ca4 W getdtablesize
0005e7e0 t get_eit_entry
00031a08 T getenv
00051d04 T __get_errlist
000378f4 T __get_errname
000204a4 T __get_nprocs
000204a4 W get_nprocs
000204dc T __get_nprocs_conf
000204dc W get_nprocs_conf
00020458 t __get_nprocs_sched
000203a0 t get_nproc_stat
0002006c T __getpagesize
0002006c W getpagesize
00020514 T __get_phys_pages
00020514 W get_phys_pages
00040330 T __getpid
00040330 W getpid
00041028 W __getrlimit
00041028 W getrlimit
000315e8 T __gettext_extract_plural
00030ab0 T __gettext_free_exp
00077be8 D __gettext_germanic_plural
00030b00 T __gettextparse
0001be24 T __glibc_morecore
0007d48c b global_max_fast
00079de0 d _GLOBAL_OFFSET_TABLE_
0005e998 t __gnu_unwind_24bit.isra.0
0005edfc T __gnu_Unwind_Backtrace
0005f9a0 T __gnu_unwind_execute
0005ebf8 T __gnu_Unwind_ForcedUnwind
0005fde0 T __gnu_unwind_frame
0005e784 t __gnu_unwind_get_pr_addr
0005eec8 t __gnu_unwind_pr_common
0005eb50 T __gnu_Unwind_RaiseException
0005f778 T __gnu_Unwind_Restore_VFP
0005f788 T __gnu_Unwind_Restore_VFP_D
0005f798 T __gnu_Unwind_Restore_VFP_D_16_to_31
0005f830 T __gnu_Unwind_Restore_WMMXC
0005f7a8 T __gnu_Unwind_Restore_WMMXD
0005ec1c T __gnu_Unwind_Resume
0005ec90 T __gnu_Unwind_Resume_or_Rethrow
0005f780 T __gnu_Unwind_Save_VFP
0005f790 T __gnu_Unwind_Save_VFP_D
0005f7a0 T __gnu_Unwind_Save_VFP_D_16_to_31
0005f844 T __gnu_Unwind_Save_WMMXC
0005f7ec T __gnu_Unwind_Save_WMMXD
0004e140 T __grouping_iterator_init
0004e114 T __grouping_iterator_init_none
0004e22c T __grouping_iterator_next
0003420c t group_number
000317dc W gsignal
0005d638 T __gtdf2
0004e7b0 t hack_digit
00051648 T __handle_registered_modifier_mb
00051724 T __handle_registered_modifier_wc
000316f0 T __hash_string
0007d6c8 b headmap
0003f408 W index
00031e80 t indirect_msort_with_tmp
00010134 T _init
00077bc4 d __init_array_end
00077bc0 d __init_array_start
0007b23c b initial
00041b08 T __init_misc
0003e440 T __init_sched_fifo_prio
000625a4 r inmask.9
000246bc t insert_module
00010e04 T __internal_atexit
00019adc t _int_free
000181b8 t _int_free_create_chunk
000194cc t _int_free_maybe_consolidate.part.0
00019998 t _int_free_merge_chunk
0004df20 T __intl_freemem
00017700 t int_mallinfo
0001a81c t _int_malloc
0001bc30 t _int_memalign
0001b9c8 t _int_realloc
0007a018 D _IO_2_1_stderr_
0007a278 D _IO_2_1_stdin_
0007a148 D _IO_2_1_stdout_
0001582c T _IO_adjust_column
00039f40 T _IO_adjust_wcolumn
00016040 T _IO_cleanup
00015358 T _IO_default_doallocate
00015694 T _IO_default_finish
000167c4 T _IO_default_imbue
00016664 T _IO_default_pbackfail
000167ac T _IO_default_read
00016798 T _IO_default_seek
00015714 T _IO_default_seekoff
000152f0 T _IO_default_seekpos
00015208 T _IO_default_setbuf
000167bc T _IO_default_showmanyc
000167a4 T _IO_default_stat
0001568c T _IO_default_sync
00014fb4 T _IO_default_uflow
00014fac T _IO_default_underflow
000167b4 T _IO_default_write
0001514c T _IO_default_xsgetn
0001500c T _IO_default_xsputn
00014ef4 T _IO_doallocbuf
00012160 W _IO_do_write
000154e0 T _IO_enable_locks
0003847c W _IO_fclose
00011fc4 W _IO_file_attach
000138b0 T _IO_file_close
00012184 W _IO_file_close_it
00013880 T _IO_file_close_mmap
00038340 T _IO_file_doallocate
000127b0 W _IO_file_finish
0001230c W _IO_file_fopen
00011e74 W _IO_file_init
00078990 D _IO_file_jumps
00011ea8 T _IO_file_open
00012d24 W _IO_file_overflow
00013858 T _IO_file_read
00013870 T _IO_file_seek
000130ac W _IO_file_seekoff
000137e4 T _IO_file_seekoff_maybe_mmap
00013694 T _IO_file_seekoff_mmap
000120b8 W _IO_file_setbuf
000120f0 T _IO_file_setbuf_mmap
00013878 T _IO_file_stat
00012f10 W _IO_file_sync
00013014 T _IO_file_sync_mmap
00012850 W _IO_file_underflow
00012cd0 T _IO_file_underflow_maybe_mmap
00012c44 T _IO_file_underflow_mmap
000138b8 W _IO_file_write
00013af8 T _IO_file_xsgetn
00013e18 T _IO_file_xsgetn_maybe_mmap
00013ce8 T _IO_file_xsgetn_mmap
00013950 W _IO_file_xsputn
00015864 T _IO_flush_all
00015c3c T _IO_flush_all_linebuffered
00038958 W _IO_fopen
00033f58 W _IO_fprintf
00038960 T _IO_fputs
00014b38 T _IO_free_backup_area
00039a7c T _IO_free_wbackup_area
0004e090 W _IO_funlockfile
0003baa8 T _IO_fwide
00038bc4 T _IO_fwrite
00051ea0 T _IO_getline
00051d40 T _IO_getline_info
0001544c T _IO_init
000153b8 T _IO_init_internal
00016470 T _IO_init_marker
00039f7c T _IO_init_wmarker
000167c8 T _IO_iter_begin
000167d8 T _IO_iter_end
000167e8 T _IO_iter_file
000167e0 T _IO_iter_next
000149fc T _IO_least_marker
00039434 T _IO_least_wmarker
000145f8 T _IO_link_in
0007a010 D _IO_list_all
000167ec T _IO_list_lock
00016980 T _IO_list_resetlock
000168cc T _IO_list_unlock
00016518 T _IO_marker_delta
00016508 T _IO_marker_difference
00012160 T _IO_new_do_write
0003847c T _IO_new_fclose
00011fc4 T _IO_new_file_attach
00012184 T _IO_new_file_close_it
000127b0 T _IO_new_file_finish
0001230c T _IO_new_file_fopen
00011e74 T _IO_new_file_init
00011e40 T _IO_new_file_init_internal
00012d24 T _IO_new_file_overflow
000130ac T _IO_new_file_seekoff
000120b8 T _IO_new_file_setbuf
00012f10 T _IO_new_file_sync
00012850 T _IO_new_file_underflow
000138b8 T _IO_new_file_write
00013950 T _IO_new_file_xsputn
00038958 T _IO_new_fopen
000155b4 T _IO_no_init
00015534 T _IO_old_init
000113cc T _IO_puts
000164c4 T _IO_remove_marker
0001654c T _IO_seekmark
0003a018 T _IO_seekwmark
00014ea0 T _IO_setb
000150f4 T _IO_sgetn
00015720 T _IO_sputbackc
00039e38 T _IO_sputbackwc
0007b47c b _IO_stdfile_0_lock
0007b470 b _IO_stdfile_1_lock
0007b464 b _IO_stdfile_2_lock
00060328 R _IO_stdin_used
00016eac T _IO_str_count
000171a4 T _IO_str_finish
00016c68 T _IO_str_init_readonly
00016be0 T _IO_str_init_static
00016b5c T _IO_str_init_static_internal
00016ce4 T _IO_str_overflow
00017184 T _IO_str_pbackfail
00016ec8 T _IO_str_seekoff
00016e68 T _IO_str_underflow
000157b0 T _IO_sungetc
00039ec4 T _IO_sungetwc
00014a60 T _IO_switch_to_backup_area
00014a94 T _IO_switch_to_get_mode
00014a2c T _IO_switch_to_main_get_area
0003946c T _IO_switch_to_main_wget_area
000394a0 T _IO_switch_to_wbackup_area
000399f8 T _IO_switch_to_wget_mode
000145e8 T _IO_un_link
00014180 t _IO_un_link.part.0
000165fc T _IO_unsave_markers
0003a0c4 T _IO_unsave_wmarkers
0001186c T _IO_vtable_check
000788e8 D __io_vtables
00039990 T _IO_wdefault_doallocate
0003968c T _IO_wdefault_finish
00039530 T _IO_wdefault_pbackfail
0003970c T _IO_wdefault_uflow
00039d6c T _IO_wdefault_xsgetn
000397cc T _IO_wdefault_xsputn
00039900 T _IO_wdoallocbuf
0003a234 T _IO_wdo_write
00078a8c D _IO_wfile_jumps
0003ac90 T _IO_wfile_overflow
0003b0bc T _IO_wfile_seekoff
0003af2c T _IO_wfile_sync
0003a3a8 T _IO_wfile_underflow
0003ac64 T _IO_wfile_underflow_maybe_mmap
0003ab00 T _IO_wfile_underflow_mmap
0003b964 T _IO_wfile_xsputn
0007a318 d _IO_wide_data_0
0007a1e8 d _IO_wide_data_1
0007a0b8 d _IO_wide_data_2
00039fd8 T _IO_wmarker_delta
000394d4 T _IO_wsetb
00040c5c T __isatty
00040c5c W isatty
00042470 t is_dst
000329d8 T __isoc23_strtol
0003301c T __isoc23_strtol_l
000330b8 T __isoc23_strtoul
00033698 T __isoc23_strtoul_l
00042518 t is_trusted_path_normalize
000339bc T _itoa
00066d50 R _itoa_base_table
000628a8 R _itoa_lower_digits
000628d0 R _itoa_upper_digits
000338d4 T _itoa_word
00067504 r jump_table
0002cadc t known_compare
0007d58c b known_derivations
0007d634 b known_values
0001e8a8 t Laligned
0007d630 b last_environ
000781b4 d lc_ctype_data
0005d640 T __ledf2
00042018 t length_mismatch
00052084 T __libc_alloca_cutoff
0007d57c B __libc_argc
0007d580 B __libc_argv
0002dbdc T __libc_assert_fail
0001d2fc T __libc_calloc
0001098c T __libc_check_standard_fds
00017258 T __libc_cleanup_pop_restore
000171e0 T __libc_cleanup_push_defer
0004ac80 T __libc_dlclose
00000028 B __libc_dlerror_result
0005b480 T __libc_dlerror_result_free
0004aa20 T __libc_dlopen_mode
0004ab10 T __libc_dlsym
0004aaa0 T __libc_dlsym_private
0004ab80 T __libc_dlvsym
00022fb4 T __libc_early_init
0007abb4 D __libc_enable_secure
0000000c B __libc_errno
00011854 T __libc_fatal
0001c884 T __libc_free
00023098 T __libc_init_first
0006426c R _libc_intl_domainname
00030288 T __libc_localealias_freemem
00053b98 T __libc_lseek
0001f958 T __libc_lseek64
0001db88 T __libc_mallinfo
0001da70 T __libc_mallinfo2
0001c0a0 T __libc_malloc
0001de28 T __libc_mallopt
0001d164 T __libc_memalign
00011664 T __libc_message_impl
0001f9c8 T __libc_open
00040cd8 T __libc_openat64
00051820 T __libc_printf_freemem
0001d278 T __libc_pvalloc
0001fadc T __libc_read
0001cb54 T __libc_realloc
0007d7bc V __libc_reg_printf_freemem_ptr
0007d7c4 V __libc_reg_type_freemem_ptr
0003e990 T __libc_scratch_buffer_grow_preserve
0003ea30 T __libc_scratch_buffer_set_array_size
00032910 T __libc_setenv_freemem
0007d5b8 B __libc_setlocale_lock
000109bc T __libc_setup_tls
0003185c T __libc_sigaction
0007a860 D __libc_single_threaded
00079ba4 D __libc_stack_end
00010570 t __libc_start_call_main
00010610 T __libc_start_main
00010610 T __libc_start_main_impl
0000001c B __libc_tsd_CTYPE_B
00000024 B __libc_tsd_CTYPE_TOLOWER
00000020 B __libc_tsd_CTYPE_TOUPPER
00000004 D __libc_tsd_LOCALE
0001d228 T __libc_valloc
0001fba4 T __libc_write
0003bda4 T __libio_codecvt_encoding
0003bcd0 T __libio_codecvt_in
0003bdd0 T __libio_codecvt_length
0003bbfc T __libio_codecvt_out
00016000 T __libio_freemem
0007b44c b list_all_lock
0007d4a8 b list_lock
0001e8c4 t Llastword
0001736c T __lll_lock_wait
000172f0 T __lll_lock_wait_private
0001740c T __lll_lock_wake
000173ec T __lll_lock_wake_private
0007d5b4 b loaded
0007d628 b locale_alias_path.1
0007b21c b lock
0007d624 b lock
0007d7ac b lock
0007d7b4 b lock
0007d7c0 b lock
0007d5d8 b lock.0
0007d5fc b lock.0
0007d750 b lock.4
0004e010 T __longjmp
00053b98 T __lseek
00053b98 W lseek
0001f958 T __lseek64
0001f958 W lseek64
00040c90 T __lstat64
00040c90 W lstat64
00040c7c T __lstat64_time64
0005d640 T __ltdf2
000205e0 T __madvise
000205e0 W madvise
00010508 T main
0007a408 d main_arena
0001db88 T __mallinfo
0001db88 W mallinfo
0001da70 T __mallinfo2
0001da70 W mallinfo2
0001c0a0 T __malloc
0001c0a0 T malloc
0001c9a8 T __malloc_arena_thread_freeres
00018024 t malloc_consolidate
000208ec T __malloc_default_thp_pagesize
0001be5c T __malloc_fork_lock_parent
0001bff0 T __malloc_fork_unlock_child
0001bf2c T __malloc_fork_unlock_parent
00020a48 T __malloc_hugepage_config
0001e0b0 T __malloc_info
0001e0b0 W malloc_info
000179d8 t __malloc_info.part.0
0007d48d b __malloc_initialized
000176e8 t malloc_printerr
0001dbf4 T __malloc_stats
0001dbf4 W malloc_stats
0002097c T __malloc_thp_mode
0001d768 T __malloc_trim
0001d768 W malloc_trim
0001da38 T __malloc_usable_size
0001da38 W malloc_usable_size
0001de28 T __mallopt
0001de28 W mallopt
00079ba8 d map
0007d614 b map
0007d674 b max_dirnamelen
0007d610 b maxmap
00041204 t maybe_split_for_insert.isra.0
0007a404 d may_shrink_heap.12
0001d164 T __memalign
0001d164 W memalign
0003ed1c T __memchr
0003ed1c W memchr
0003ee64 T memcmp
0003ee64 T __memcmpeq
0001e110 T memcpy
00052aa4 T __memmem
00052aa4 W memmem
0001e420 T memmove
00052c88 T __memrchr
00052c88 W memrchr
0001e740 T memset
0001c460 t _mid_memalign.isra.0
000205fc T __mmap
000205fc W mmap
00020674 T __mmap64
00020674 W mmap64
000119f4 t mmap_remap_check
0007d5a0 b modcounter.0
00061b20 r mode_always.2
00061b08 r mode_madvise.1
00061af0 r mode_never.0
0007a3b4 d mp_
0005d1a0 T __mpn_addmul_1
0005d120 T __mpn_add_n
00058f40 T __mpn_cmp
00058f8c T __mpn_divrem
0005a48c T __mpn_extract_double
00059ae8 T __mpn_impn_mul_n
000599f4 T __mpn_impn_mul_n_basecase
00059f88 T __mpn_impn_sqr_n
00059e9c T __mpn_impn_sqr_n_basecase
0005965c T __mpn_lshift
000596b4 T __mpn_mul
000599bc T __mpn_mul_1
0005a28c T __mpn_mul_n
0005a310 T __mpn_rshift
0005a430 T __mpn_submul_1
0005a3b0 T __mpn_sub_n
00020700 T __mprotect
00020700 W mprotect
000207d0 T __mremap
000207d0 W mremap
00067b6c r msg.0
00031bdc t msort_with_tmp.part.0
00020720 T __munmap
00020720 W munmap
00017878 t munmap_chunk
0007adac D __mutex_aconf
0007a400 d narenas
0007d4a4 b narenas_limit.2
0005d648 T __nedf2
0002cde8 t new_composite_name
000118a0 t new_do_write
00010cd8 T __new_exitfn
0007b230 B __new_exitfn_called
0003847c T __new_fclose
00038958 T __new_fopen
00041028 T __new_getrlimit
000186e0 t new_heap
0007d7a8 b next_bit
000200c0 t next_line
0007d4ac b next_to_use.5
0005f90c t next_unwind_byte
0004c03c T _nl_archive_subfreeres
00079d58 D _nl_C
00066aa8 R _nl_category_name_idxs
00066a1c R _nl_category_names
000627c4 R _nl_category_name_sizes
00067be0 r _nl_category_num_items
00079c9c d _nl_category_postload
000627d4 R _nl_C_codeset
00077f7c D _nl_C_LC_ADDRESS
00077fd0 D _nl_C_LC_COLLATE
0007803c D _nl_C_LC_CTYPE
00069c50 R _nl_C_LC_CTYPE_class
00069850 R _nl_C_LC_CTYPE_class32
000688e4 R _nl_C_LC_CTYPE_class_alnum
00068b78 R _nl_C_LC_CTYPE_class_alpha
000689c8 R _nl_C_LC_CTYPE_class_blank
0006897c R _nl_C_LC_CTYPE_class_cntrl
00068b34 R _nl_C_LC_CTYPE_class_digit
00068a0c R _nl_C_LC_CTYPE_class_graph
00068bc0 R _nl_C_LC_CTYPE_class_lower
00068a58 R _nl_C_LC_CTYPE_class_print
00068930 R _nl_C_LC_CTYPE_class_punct
00068aa4 R _nl_C_LC_CTYPE_class_space
00068c08 R _nl_C_LC_CTYPE_class_upper
00068ae8 R _nl_C_LC_CTYPE_class_xdigit
00068794 R _nl_C_LC_CTYPE_map_tolower
0006883c R _nl_C_LC_CTYPE_map_toupper
00068c50 R _nl_C_LC_CTYPE_tolower
00069250 R _nl_C_LC_CTYPE_toupper
00068738 R _nl_C_LC_CTYPE_width
000781c4 D _nl_C_LC_IDENTIFICATION
00078224 D _nl_C_LC_MEASUREMENT
0007824c D _nl_C_LC_MESSAGES
00078280 D _nl_C_LC_MONETARY
00078358 D _nl_C_LC_NAME
00078394 D _nl_C_LC_NUMERIC
000783cc D _nl_C_LC_PAPER
000783f8 D _nl_C_LC_TELEPHONE
0007842c D _nl_C_LC_TIME
0001f478 T _nl_cleanup_ctype
0005325c T _nl_cleanup_time
00079cd0 D _nl_C_locobj
000627ec R _nl_C_name
0007adc0 D _nl_current_default_domain
00000000 D _nl_current_LC_CTYPE
00000002 A _nl_current_LC_CTYPE_used
00000008 D _nl_current_LC_NUMERIC
00000002 A _nl_current_LC_NUMERIC_used
00079c68 d _nl_current_used
000642a4 R _nl_default_default_domain
00062860 R _nl_default_dirname
00063ea0 R _nl_default_locale_path
0007d7a4 B _nl_domain_bindings
00030094 T _nl_expand_alias
000308b8 T _nl_explode_name
0002dcd8 T _nl_find_domain
0002df3c T _nl_finddomain_subfreeres
0004aeb8 T _nl_find_locale
0004cd44 T _nl_find_msg
0007ad38 D _nl_global_locale
0004c140 T _nl_intern_locale_data
0002df8c T _nl_load_domain
0007d5f8 b _nl_loaded_domains
0004c7e8 T _nl_load_locale
0004b70c T _nl_load_locale_from_archive
0007d68c B _nl_locale_file_list
0002d7d8 T _nl_locale_subfreeres
000302ac T _nl_make_l10nflist
0007d608 B _nl_msg_cat_cntr
00030788 T _nl_normalize_codeset
000627e4 R _nl_POSIX_name
0002db54 T _nl_postload_ctype
0004b6a0 T _nl_remove_locale
0007d760 B _nl_state_lock
0002fb5c T _nl_unload_domain
0004ca6c T _nl_unload_locale
00067e60 r _nl_value_type_LC_ADDRESS
00067edc r _nl_value_type_LC_COLLATE
00067c14 r _nl_value_type_LC_CTYPE
00067e9c r _nl_value_type_LC_IDENTIFICATION
00067e94 r _nl_value_type_LC_MEASUREMENT
00067e24 r _nl_value_type_LC_MESSAGES
00067d6c r _nl_value_type_LC_MONETARY
00067e44 r _nl_value_type_LC_NAME
00067f28 r _nl_value_type_LC_NUMERIC
00067e38 r _nl_value_type_LC_PAPER
00067e24 r _nl_value_type_LC_TELEPHONE
00067f40 r _nl_value_type_LC_TIME
0007d60c b nmap
000640ec r not_available
00054f04 T __nptl_change_stack_perm
000524e8 T __nptl_deallocate_stack
0001742c T __nptl_deallocate_tsd
00052408 T __nptl_free_stacks
0007d4d0 B __nptl_initial_report_events
0007a3b0 D __nptl_nthreads
0007adc8 D __nptl_stack_cache_maxsize
0007adcc D __nptl_stack_hugetlb
000523a0 T __nptl_stack_list_add
00052350 T __nptl_stack_list_del
0006299c r null
0007add4 b object.0
0007d5a4 b once
0001f9c8 W __open
0001f9c8 W open
00040df4 T __open64_nocancel
00040cd8 T __openat64
00040cd8 W openat64
00040e8c T __openat_nocancel
0005b744 t openaux
00040058 T __opendir
00040058 W opendir
00040010 T __opendirat
0003ff6c t opendir_tail
0001fe18 T __open_nocancel
00042b9c t open_path.isra.0
000426a0 t open_verify.constprop.0
0007d74c b output_charset_cache.0
0007d748 b output_charset_cached.1
00034008 t outstring_converted_wide_string
00014b88 T __overflow
0007adc4 d pa_next_type
00060090 t parse_lsda_header
000379c0 T __parse_one_specmb
00021cec t parse_tunables
0007d488 b perturb_byte
00066c78 r plone
0004cb0c t plural_eval
00066c8c r plvar
000788e4 D __pointer_chk_guard_local
0001e024 T __posix_memalign
0001e024 W posix_memalign
0007a864 d prctl_supported.0
00040f24 T __pread64_nocancel
00077bc0 b __preinit_array_end
00077bc0 b __preinit_array_start
00060474 r __PRETTY_FUNCTION__.0
00060524 r __PRETTY_FUNCTION__.0
00060558 r __PRETTY_FUNCTION__.0
000618e8 r __PRETTY_FUNCTION__.0
000619a4 r __PRETTY_FUNCTION__.0
00061a3c r __PRETTY_FUNCTION__.0
00061cd4 r __PRETTY_FUNCTION__.0
00062050 r __PRETTY_FUNCTION__.0
00062270 r __PRETTY_FUNCTION__.0
00062478 r __PRETTY_FUNCTION__.0
00062794 r __PRETTY_FUNCTION__.0
000629cc r __PRETTY_FUNCTION__.0
000629ec r __PRETTY_FUNCTION__.0
00062b24 r __PRETTY_FUNCTION__.0
00062b78 r __PRETTY_FUNCTION__.0
00062c48 r __PRETTY_FUNCTION__.0
00062d2c r __PRETTY_FUNCTION__.0
00062dac r __PRETTY_FUNCTION__.0
00062e10 r __PRETTY_FUNCTION__.0
00061ff8 r __PRETTY_FUNCTION__.0
00063af4 r __PRETTY_FUNCTION__.0
00063b74 r __PRETTY_FUNCTION__.0
00063db0 r __PRETTY_FUNCTION__.0
00063e28 r __PRETTY_FUNCTION__.0
00063f1c r __PRETTY_FUNCTION__.0
00063fa4 r __PRETTY_FUNCTION__.0
000642d8 r __PRETTY_FUNCTION__.0
00064330 r __PRETTY_FUNCTION__.0
00064380 r __PRETTY_FUNCTION__.0
000643b0 r __PRETTY_FUNCTION__.0
00064410 r __PRETTY_FUNCTION__.0
00064448 r __PRETTY_FUNCTION__.0
000645b8 r __PRETTY_FUNCTION__.0
000645f4 r __PRETTY_FUNCTION__.0
00064640 r __PRETTY_FUNCTION__.0
0006465c r __PRETTY_FUNCTION__.0
000654a4 r __PRETTY_FUNCTION__.0
000656c8 r __PRETTY_FUNCTION__.0
000657cc r __PRETTY_FUNCTION__.0
00065aa4 r __PRETTY_FUNCTION__.0
00065b60 r __PRETTY_FUNCTION__.0
00065bac r __PRETTY_FUNCTION__.0
00065da8 r __PRETTY_FUNCTION__.0
00065e00 r __PRETTY_FUNCTION__.0
00065e5c r __PRETTY_FUNCTION__.0
00065eb0 r __PRETTY_FUNCTION__.0
00065fac r __PRETTY_FUNCTION__.0
00065fe4 r __PRETTY_FUNCTION__.0
00065ffc r __PRETTY_FUNCTION__.0
000660a0 r __PRETTY_FUNCTION__.0
00066254 r __PRETTY_FUNCTION__.0
000662d0 r __PRETTY_FUNCTION__.0
00060484 r __PRETTY_FUNCTION__.1
000618d8 r __PRETTY_FUNCTION__.1
00061ce8 r __PRETTY_FUNCTION__.1
00061ff8 r __PRETTY_FUNCTION__.1
000620e4 r __PRETTY_FUNCTION__.1
0006249c r __PRETTY_FUNCTION__.1
000627a8 r __PRETTY_FUNCTION__.1
00062988 r __PRETTY_FUNCTION__.1
00062b08 r __PRETTY_FUNCTION__.1
00063694 r __PRETTY_FUNCTION__.1
00063a88 r __PRETTY_FUNCTION__.1
00063e90 r __PRETTY_FUNCTION__.1
00063f34 r __PRETTY_FUNCTION__.1
00065490 r __PRETTY_FUNCTION__.1
000656d8 r __PRETTY_FUNCTION__.1
000657ec r __PRETTY_FUNCTION__.1
00065abc r __PRETTY_FUNCTION__.1
00065db8 r __PRETTY_FUNCTION__.1
0006185c r __PRETTY_FUNCTION__.10
000625ac r __PRETTY_FUNCTION__.10
00063704 r __PRETTY_FUNCTION__.10
00061850 r __PRETTY_FUNCTION__.11
000625cc r __PRETTY_FUNCTION__.11
000625e8 r __PRETTY_FUNCTION__.12
00061840 r __PRETTY_FUNCTION__.13
00062608 r __PRETTY_FUNCTION__.13
00061830 r __PRETTY_FUNCTION__.14
00062624 r __PRETTY_FUNCTION__.14
00061820 r __PRETTY_FUNCTION__.15
00062648 r __PRETTY_FUNCTION__.15
00061810 r __PRETTY_FUNCTION__.16
0006266c r __PRETTY_FUNCTION__.16
00061800 r __PRETTY_FUNCTION__.17
00062684 r __PRETTY_FUNCTION__.17
000617f0 r __PRETTY_FUNCTION__.18
000626a8 r __PRETTY_FUNCTION__.18
000617e0 r __PRETTY_FUNCTION__.19
000626cc r __PRETTY_FUNCTION__.19
00061d00 r __PRETTY_FUNCTION__.2
00062010 r __PRETTY_FUNCTION__.2
000624c4 r __PRETTY_FUNCTION__.2
00063a94 r __PRETTY_FUNCTION__.2
00063d60 r __PRETTY_FUNCTION__.2
00065478 r __PRETTY_FUNCTION__.2
00065808 r __PRETTY_FUNCTION__.2
00065ad0 r __PRETTY_FUNCTION__.2
000617d8 r __PRETTY_FUNCTION__.20
000626ec r __PRETTY_FUNCTION__.20
000618c8 r __PRETTY_FUNCTION__.3
000624e8 r __PRETTY_FUNCTION__.3
00065ae0 r __PRETTY_FUNCTION__.3
000618b8 r __PRETTY_FUNCTION__.4
0006201c r __PRETTY_FUNCTION__.4
00062510 r __PRETTY_FUNCTION__.4
00065af8 r __PRETTY_FUNCTION__.4
0006252c r __PRETTY_FUNCTION__.5
00065b04 r __PRETTY_FUNCTION__.5
000618a0 r __PRETTY_FUNCTION__.6
0006254c r __PRETTY_FUNCTION__.6
000636c4 r __PRETTY_FUNCTION__.6
00061894 r __PRETTY_FUNCTION__.7
00062568 r __PRETTY_FUNCTION__.7
00061888 r __PRETTY_FUNCTION__.8
00062588 r __PRETTY_FUNCTION__.8
000636d8 r __PRETTY_FUNCTION__.8
00061878 r __PRETTY_FUNCTION__.9
000636e8 r __PRETTY_FUNCTION__.9
00067af4 r primes.0
0007d7bc B __printf_arginfo_table
00035c64 T __printf_buffer
0005a574 t __printf_buffer_as_file_commit
0005a778 T __printf_buffer_as_file_init
0005a66c T __printf_buffer_as_file_overflow
0005a7e4 T __printf_buffer_as_file_terminate
0005a72c T __printf_buffer_as_file_xsputn
0004e2b0 T __printf_buffer_done
0005a808 T __printf_buffer_flush
0003be68 T __printf_buffer_flush_asprintf
000503d0 T __printf_buffer_flush_fp
000512a8 T __printf_buffer_flush_fphex_to_wide
00050620 T __printf_buffer_flush_fp_to_wide
00051ec4 T __printf_buffer_flush_snprintf
0004e52c T __printf_buffer_flush_to_file
0004e334 T __printf_buffer_pad_1
0004e3d8 T __printf_buffer_putc_1
0004e448 T __printf_buffer_puts_1
00051f50 T __printf_buffer_snprintf_done
00051f18 T __printf_buffer_snprintf_init
0004e6d4 T __printf_buffer_to_file_done
0004e690 T __printf_buffer_to_file_init
0004e504 T __printf_buffer_to_file_switch
0004e700 T __printf_buffer_write
000507bc T ___printf_fp
000507bc T __printf_fp
0004e920 t __printf_fp_buffer_1.isra.0
00050854 t __printf_fphex_buffer
0005129c T __printf_fphex_l_buffer
000504c0 T __printf_fp_l_buffer
000513a8 T __printf_function_invoke
0007d7b8 B __printf_function_table
0007d7b0 B __printf_modifier_table
00034318 t printf_positional
0007d7c4 B __printf_va_arg_table
0007adb8 D __progname
0007adbc D __progname_full
0007adbc V program_invocation_name
0007adb8 V program_invocation_short_name
0003d8a4 t __pthread_cleanup_combined_routine_voidptr
000520d4 T __pthread_cleanup_pop
000520d4 W _pthread_cleanup_pop
000520b4 T __pthread_cleanup_push
000520b4 W _pthread_cleanup_push
0003e858 T __pthread_current_priority
0003c158 T __pthread_disable_asynccancel
0003c0bc T __pthread_enable_asynccancel
00052668 T __pthread_get_minstack
0007b488 B __pthread_keys
0003c35c T __pthread_kill
0003c35c W pthread_kill
0003c208 t __pthread_kill_implementation.constprop.0
0003c358 T __pthread_kill_internal
0003cbf0 T ___pthread_mutex_lock
0003cbf0 T __pthread_mutex_lock
0003cbf0 W pthread_mutex_lock
0003c424 t __pthread_mutex_lock_full
0003d710 T ___pthread_mutex_unlock
0003d710 T __pthread_mutex_unlock
0003d710 W pthread_mutex_unlock
0003cfe8 t __pthread_mutex_unlock_full
0003d560 T __pthread_mutex_unlock_usercnt
0003d910 T ___pthread_once
0003d910 T __pthread_once
0003d910 W pthread_once
0003d718 t __pthread_once_slow
0003d944 T ___pthread_rwlock_init
0003d944 T __pthread_rwlock_init
0003d944 W pthread_rwlock_init
0003d994 T ___pthread_rwlock_rdlock
0003d994 T __pthread_rwlock_rdlock
0003d994 W pthread_rwlock_rdlock
0003dc4c T ___pthread_rwlock_unlock
0003dc4c T __pthread_rwlock_unlock
0003dc4c W pthread_rwlock_unlock
0003dec8 T ___pthread_rwlock_wrlock
0003dec8 T __pthread_rwlock_wrlock
0003dec8 W pthread_rwlock_wrlock
0003e3ac T __pthread_self
0003e3ac W pthread_self
0003e3bc T __pthread_sigmask
0003e3bc W pthread_sigmask
0003e470 T __pthread_tpp_change_priority
0003c3c8 T __pthread_tunables_init
00018270 t ptmalloc_init.part.0
000113cc W puts
0001d278 T __pvalloc
0001d278 W pvalloc
00032300 T qsort
00031fa0 T __qsort_r
00031fa0 W qsort_r
000317dc T raise
0004b6fc t rangecmp
0007d4b8 B _r_debug
0007d4b8 B _r_debug_extended
0001fadc W __read
0001fadc W read
0002fc44 t read_alias_file
00024bd0 t read_conf_file.isra.0
000401c4 T __readdir64
000401c4 W readdir64
0006005c t read_encoded_value
0005ff14 t read_encoded_value_with_base
00033f88 t read_int
00037940 t read_int
0001feac T __read_nocancel
00041b7c T __readonly_area
0005fe7c t read_sleb128
0002026c t read_sysfs_file
0005fe50 t read_uleb128
0001cb54 T __realloc
0001cb54 T realloc
000519ac T __register_printf_function
000519ac W register_printf_function
000514a0 T __register_printf_modifier
000514a0 W register_printf_modifier
00051884 T __register_printf_specifier
00051884 W register_printf_specifier
000519b0 T __register_printf_type
000519b0 W register_printf_type
00010458 t register_tm_clones
00010134 r __rel_iplt_end
00010134 r __rel_iplt_start
0004839c t relocate_pc24
00053ccc t remove_slotinfo
0005f764 T __restore_core_regs
0005f764 T restore_core_regs
0005e8fc t restore_non_core_regs
0005329c T __rewinddir
0005329c W rewinddir
00077bd8 d rfv.0
0003fa00 W rindex
0007d7a0 b root
0006032c R __rseq_flags
00078df8 D __rseq_offset
00078dfc D __rseq_size
00079d44 D __rtld_env_path_list
00079d4c D __rtld_search_dirs
000583f8 T __rtld_static_init
00010f88 T __run_exit_handlers
0007b448 b run_fp
00013fdc t save_for_backup
00039238 t save_for_wbackup
0002073c T __sbrk
0002073c W sbrk
00040344 T __sched_cpucount
0007adb0 D __sched_fifo_max_prio
0007adb4 D __sched_fifo_min_prio
00040390 T __sched_getparam
00040390 W sched_getparam
000403d0 T __sched_get_priority_max
000403d0 W sched_get_priority_max
000403f0 T __sched_get_priority_min
000403f0 W sched_get_priority_min
000403b0 T __sched_getscheduler
000403b0 W sched_getscheduler
00040410 T __sched_setscheduler
00040410 W sched_setscheduler
0004a228 t search_cache
0005e6ec t search_EIT_table
0005e6d4 t selfrel_offset31
00032644 T __setenv
00032644 W setenv
00010cd0 T _setjmp
0002d08c T setlocale
00020840 T __set_vma_name
00000000 a shift
00000000 a shift
0003181c T __sigaction
0003181c W sigaction
00067ac4 r sigall_set
000317a4 T __sigjmp_save
000319ac T __sigprocmask
000319ac W sigprocmask
00031730 T __sigsetjmp
00063e88 r slashdot.0
00051ae4 T __snprintf
00051ae4 W snprintf
000788e0 D __stack_chk_guard
00079d54 D __stack_prot
0007b228 b stage
000103c4 T _start
00053c34 T __stat64
00053c34 W stat64
00053c20 T __stat64_time64
0007d664 b state
0007d66c b state
0007aff0 b static_slotinfo
0007a3a4 D stderr
0007a3ac D stdin
0007b458 b stdio_needs_locking
0007a3a8 D stdout
00077c7c d step0_jumps.7
00077cfc d step1_jumps.6
00077d7c d step2_jumps.5
00077dfc d step3a_jumps.4
00077efc d step3b_jumps.2
00077bfc d step4_jumps.0
00077e7c d step4_jumps.3
0003f220 T __stpcpy
0003f220 W stpcpy
0003f3c8 T __strcasecmp_l
0003f3c8 W strcasecmp_l
0003f408 T strchr
0001e7bc T __strchrnul
0001e7bc W strchrnul
0003f428 T strcmp
00052dfc T strcpy
00052e10 T strcspn
0003f680 T __strdup
0003f680 W strdup
0003eaf0 T __strerror_r
0003eaf0 W strerror_r
0007d620 b string_space
0007d618 b string_space_act
0007d61c b string_space_max
0001e880 T strlen
0003f6b0 T strncmp
00052f48 T __strndup
00052f48 W strndup
0003f9d8 T __strnlen
0003f9d8 W strnlen
0003fa00 T strrchr
00052f80 T __strsep
00052f80 W strsep
00052f80 T __strsep_g
00052fc4 T strspn
0001ed48 T strstr
0003fa24 T __strtok_r
0003fa24 W strtok_r
0003299c T __strtol
0003299c W strtol
00032960 T __strtol_internal
00032ffc W __strtol_l
00032ffc W strtol_l
00032a1c T ____strtol_l_internal
00066cc4 R __strtol_ul_max_tab
00066ca0 R __strtol_ul_rem_tab
0003307c T __strtoul
0003307c W strtoul
00033040 T __strtoul_internal
00033678 W __strtoul_l
00033678 W strtoul_l
000330fc T ____strtoul_l_internal
0005e160 T __sync_add_and_fetch_1
0005deec T __sync_add_and_fetch_2
0005dd98 T __sync_add_and_fetch_4
0005e28c T __sync_and_and_fetch_1
0005e024 T __sync_and_and_fetch_2
0005de40 T __sync_and_and_fetch_4
0005e534 T __sync_bool_compare_and_swap_1
0005e518 T __sync_bool_compare_and_swap_2
0005e4ec T __sync_bool_compare_and_swap_4
0005db6c T __sync_fetch_and_add_1
0005d928 T __sync_fetch_and_add_2
0005d7d4 T __sync_fetch_and_add_4
0005dc80 T __sync_fetch_and_and_1
0005da48 T __sync_fetch_and_and_2
0005d87c T __sync_fetch_and_and_4
0005dd38 T __sync_fetch_and_nand_1
0005db08 T __sync_fetch_and_nand_2
0005d8ec T __sync_fetch_and_nand_4
0005dc24 T __sync_fetch_and_or_1
0005d9e8 T __sync_fetch_and_or_2
0005d844 T __sync_fetch_and_or_4
0005dbc8 T __sync_fetch_and_sub_1
0005d988 T __sync_fetch_and_sub_2
0005d80c T __sync_fetch_and_sub_4
0005dcdc T __sync_fetch_and_xor_1
0005daa8 T __sync_fetch_and_xor_2
0005d8b4 T __sync_fetch_and_xor_4
0005e6b4 T __sync_lock_release_1
0005e694 T __sync_lock_release_2
0005e674 T __sync_lock_release_4
0005e650 T __sync_lock_release_8
0005e5f4 T __sync_lock_test_and_set_1
0005e594 T __sync_lock_test_and_set_2
0005e55c T __sync_lock_test_and_set_4
0005e354 T __sync_nand_and_fetch_1
0005e0f4 T __sync_nand_and_fetch_2
0005deb0 T __sync_nand_and_fetch_4
0005e228 T __sync_or_and_fetch_1
0005dfbc T __sync_or_and_fetch_2
0005de08 T __sync_or_and_fetch_4
0005e1c4 T __sync_sub_and_fetch_1
0005df54 T __sync_sub_and_fetch_2
0005ddd0 T __sync_sub_and_fetch_4
0005e550 T __sync_synchronize
0005e478 T __sync_val_compare_and_swap_1
0005e400 T __sync_val_compare_and_swap_2
0005e3bc T __sync_val_compare_and_swap_4
0005e2f0 T __sync_xor_and_fetch_1
0005e08c T __sync_xor_and_fetch_2
0005de78 T __sync_xor_and_fetch_4
000230f0 T __syscall_error
000230f4 t __syscall_error_1
0005340c T __sysconf
0005340c W sysconf
000786c8 D _sys_errlist_internal
00060330 R _sys_errlist_internal_len
0006766c r _sys_errname
00067560 r _sys_errnameidx
000208d0 T __sysinfo
000208d0 W sysinfo
00019f48 t sysmalloc
00019070 t sysmalloc_mmap_fallback.constprop.0
000191a4 t sysmalloc_mmap.isra.0
00067ad4 r system_dirs
00019384 t systrim.constprop.0
00000014 b tcache
0001b85c t tcache_init.part.0
0007d490 b tcache_key
00000018 b tcache_shutting_down
00040f64 T __tcgetattr
00040f64 W tcgetattr
00041578 T __tdelete
00041578 W tdelete
00041afc T __tdestroy
00041afc W tdestroy
000411b8 t tdestroy_recurse
00076458 R __tens
00041514 T __tfind
00041514 W tfind
00000010 b thread_arena
00049ec4 T __thread_gscope_wait
00010ca0 T __tls_get_addr
00021954 T __tls_init_tp
00000000 d _TLS_MODULE_BASE_
00021908 T __tls_pre_init_tp
0007add0 D __TMC_END__
00078d80 d to_mb
00078dbc d to_wc
0004ccd8 t transcmp
00051b18 T __translated_number_width
00074910 r translit_from_idx
00071538 r translit_from_tbl
0006fb4c r translit_to_idx
00069f50 r translit_to_tbl
0007d75c b transmem_list
00041060 t trecurse
0004110c t trecurse_r
0007d780 b tree_lock
000413ac T __tsearch
000413ac W tsearch
000221c8 T __tunable_get_default
00022280 T __tunable_get_val
00021c68 t tunable_initialize
00021ef0 T __tunable_is_initialized
00078e00 d tunable_list
00021f0c T __tunable_set_val
00021f24 T __tunables_init
000220c0 T __tunables_print
00041ad8 T __twalk
00041ad8 W twalk
00041aec T __twalk_r
00041aec W twalk_r
0001e8e0 t two_way_long_needle
000526c8 t two_way_long_needle
0005d1ec T __udivsi3
0005d1ec t .udivsi3_skip_div0_test
00014d40 T __uflow
00014bf0 T __underflow
00017f48 t unlink_chunk.isra.0
0005d764 T __unorddf2
0006630c r unsecure_envvars.3
000326a8 T __unsetenv
000326a8 W unsetenv
0005f8e8 T ___Unwind_Backtrace
0005f8e8 T _Unwind_Backtrace
0005ecb0 T _Unwind_Complete
0005e9a0 t _Unwind_DebugHook
0005e984 t _Unwind_decode_typeinfo_ptr.constprop.0
0005ecb4 T _Unwind_DeleteException
0005f8c4 T ___Unwind_ForcedUnwind
0005f8c4 T _Unwind_ForcedUnwind
0005eb48 T _Unwind_GetCFA
000103b4 T _Unwind_GetDataRelBase
0005ed38 t _Unwind_GetGR
0005f970 t _Unwind_GetGR.constprop.0
00060154 t _Unwind_GetGR.constprop.0
0005fe34 T _Unwind_GetLanguageSpecificData
0005fe24 T _Unwind_GetRegionStart
000103bc T _Unwind_GetTextRelBase
0005e9a4 t unwind_phase2
0005ea08 t unwind_phase2_forced
0005f858 T ___Unwind_RaiseException
0005f858 T _Unwind_RaiseException
0005f87c T ___Unwind_Resume
0005f87c T _Unwind_Resume
0005f8a0 T ___Unwind_Resume_or_Rethrow
0005f8a0 T _Unwind_Resume_or_Rethrow
0005edd0 t _Unwind_SetGR
00060128 t _Unwind_SetGR
0005f99c t unwind_UCB_from_context
0005eccc T _Unwind_VRS_Get
0005f324 T _Unwind_VRS_Pop
0005ed64 T _Unwind_VRS_Set
0001d228 T __valloc
0001d228 W valloc
0003c000 T __vasprintf
0003c000 W vasprintf
0003bf24 T __vasprintf_internal
00037660 T __vfprintf_internal
00052000 T ___vsnprintf
00052000 W __vsnprintf
00052000 W vsnprintf
00051f7c T __vsnprintf_internal
0003fc6c T __wcrtomb
0003fc6c W wcrtomb
0003fa98 T __wcrtomb_internal
00053110 T __wcslen
00053110 W wcslen
0001f260 T __wcsmbs_clone_conv
00077bc8 D __wcsmbs_gconv_fcts_c
0001efa8 T __wcsmbs_getfct
0001f000 T __wcsmbs_load_conv
0001f39c T __wcsmbs_named_conv
00053174 T __wcsnlen
00053174 W wcsnlen
0003fc74 T __wcsrtombs
0003fc74 W wcsrtombs
000531a0 T __wmemchr
000531a0 W wmemchr
0003ff44 T __wmemcpy
0003ff44 W wmemcpy
0003ff4c T __wmemmove
0003ff4c W wmemmove
0003ff54 T __wmempcpy
0003ff54 W wmempcpy
00039768 T __woverflow
0005a938 T __wprintf_buffer_done
0005a9c0 T __wprintf_buffer_flush
00051c10 T __wprintf_buffer_flush_to_file
00051ba0 T __wprintf_buffer_putc_1
00051cd8 T __wprintf_buffer_to_file_done
00051ca0 T __wprintf_buffer_to_file_init
00051324 T __wprintf_fphex_l_buffer
000506e0 T __wprintf_fp_l_buffer
0001fba4 W __write
0001fba4 W write
0001ffe0 T __write_nocancel
00039ae4 T __wuflow
00039c28 T __wunderflow
00066bc0 r yycheck
00066c38 r yydefact
00066c74 r yydefgoto
00062878 r yypact
00062874 r yypgoto
00066c64 r yyr1
00066c54 r yyr2
00066bfc r yytable
00066ab8 r yytranslate
